<?xml version="1.0" encoding="UTF-8"?>
<testsuite name="com.ehs.tbttracker.data.repository.TbtRepositoryImplTest" tests="9" skipped="0" failures="0" errors="0" timestamp="2026-09-24T18:28:24.015Z" hostname="runnervmtr4k5" time="0.998">
  <properties/>
  <testcase name="syncPending uploads base64 photo and marks synced()" classname="com.ehs.tbttracker.data.repository.TbtRepositoryImplTest" time="0.685"/>
  <testcase name="network errors are retryable, validation errors are permanent()" classname="com.ehs.tbttracker.data.repository.TbtRepositoryImplTest" time="0.024"/>
  <testcase name="refresh keeps local photo of rows we uploaded()" classname="com.ehs.tbttracker.data.repository.TbtRepositoryImplTest" time="0.065"/>
  <testcase name="observeRecords canonicalises contractor names across the whole set()" classname="com.ehs.tbttracker.data.repository.TbtRepositoryImplTest" time="0.08"/>
  <testcase name="submit stores PENDING record with persisted photo and schedules sync()" classname="com.ehs.tbttracker.data.repository.TbtRepositoryImplTest" time="0.03"/>
  <testcase name="records added mid-sync are uploaded in the same run()" classname="com.ehs.tbttracker.data.repository.TbtRepositoryImplTest" time="0.011"/>
  <testcase name="refresh reconciles sheet rows and re-triggers sync()" classname="com.ehs.tbttracker.data.repository.TbtRepositoryImplTest" time="0.076"/>
  <testcase name="refresh surfaces backend errors as failure()" classname="com.ehs.tbttracker.data.repository.TbtRepositoryImplTest" time="0.007"/>
  <testcase name="unconfigured backend never calls the network()" classname="com.ehs.tbttracker.data.repository.TbtRepositoryImplTest" time="0.006"/>
  <system-out><![CDATA[]]></system-out>
  <system-err><![CDATA[]]></system-err>
</testsuite>
