<?xml version="1.0" encoding="UTF-8"?>
<testsuite name="com.ehs.tbttracker.ui.portal.PortalViewModelTest" tests="5" skipped="0" failures="0" errors="0" timestamp="2026-09-24T18:28:26.029Z" hostname="runnervmtr4k5" time="0.251">
  <properties/>
  <testcase name="openContractor switches to the contractor tab()" classname="com.ehs.tbttracker.ui.portal.PortalViewModelTest" time="0.021"/>
  <testcase name="opens on the busiest contractor with its month report()" classname="com.ehs.tbttracker.ui.portal.PortalViewModelTest" time="0.011"/>
  <testcase name="sync failure is shown and cleared by the next refresh()" classname="com.ehs.tbttracker.ui.portal.PortalViewModelTest" time="0.015"/>
  <testcase name="master names count as registered and chips filter by search()" classname="com.ehs.tbttracker.ui.portal.PortalViewModelTest" time="0.012"/>
  <testcase name="export emits a share event()" classname="com.ehs.tbttracker.ui.portal.PortalViewModelTest" time="0.189"/>
  <system-out><![CDATA[]]></system-out>
  <system-err><![CDATA[]]></system-err>
</testsuite>
