<?xml version="1.0" encoding="UTF-8"?>
<testsuite name="com.ehs.tbttracker.data.export.AuditReportContentTest" tests="2" skipped="0" failures="0" errors="0" timestamp="2026-09-24T18:28:22.610Z" hostname="runnervmtr4k5" time="0.15">
  <properties/>
  <testcase name="pdf summary keeps literal percent signs()" classname="com.ehs.tbttracker.data.export.AuditReportContentTest" time="0.087"/>
  <testcase name="excel sheets hold summary and every day of the month()" classname="com.ehs.tbttracker.data.export.AuditReportContentTest" time="0.024"/>
  <system-out><![CDATA[]]></system-out>
  <system-err><![CDATA[]]></system-err>
</testsuite>
