<?xml version="1.0" encoding="UTF-8"?>
<testsuite name="com.ehs.tbttracker.ui.screenshots.PortalChartsScreenshotTest" tests="4" skipped="0" failures="0" errors="0" timestamp="2026-09-24T18:28:26.295Z" hostname="runnervmtr4k5" time="16.187">
  <properties/>
  <testcase name="dateWiseCharts" classname="com.ehs.tbttracker.ui.screenshots.PortalChartsScreenshotTest" time="15.088"/>
  <testcase name="contractorWiseChartsMultipleLocations" classname="com.ehs.tbttracker.ui.screenshots.PortalChartsScreenshotTest" time="0.335"/>
  <testcase name="contractorWiseCharts" classname="com.ehs.tbttracker.ui.screenshots.PortalChartsScreenshotTest" time="0.419"/>
  <testcase name="contractorWiseChartsDark" classname="com.ehs.tbttracker.ui.screenshots.PortalChartsScreenshotTest" time="0.345"/>
  <system-out><![CDATA[]]></system-out>
  <system-err><![CDATA[Invalid ID 0x00000000.
Invalid ID 0x00000000.
Invalid ID 0x00000000.
Invalid ID 0x00000000.
]]></system-err>
</testsuite>
