<?xml version="1.0" encoding="UTF-8"?>
<testsuite name="com.ehs.tbttracker.data.photo.WatermarkLinesTest" tests="2" skipped="0" failures="0" errors="0" timestamp="2026-09-24T18:28:22.772Z" hostname="runnervmtr4k5" time="0.007">
  <properties/>
  <testcase name="stamps date time gps and site label()" classname="com.ehs.tbttracker.data.photo.WatermarkLinesTest" time="0.005"/>
  <testcase name="degrades gracefully without location or label()" classname="com.ehs.tbttracker.data.photo.WatermarkLinesTest" time="0.001"/>
  <system-out><![CDATA[]]></system-out>
  <system-err><![CDATA[]]></system-err>
</testsuite>
